(2328)
1 (2283)
6 (2389)
12 (154)
16 (168)
20 (129)
23 (283)
27 (447)
31 (177)
33 (187)
35 (491)
44 (184)
54 (101)
57 (168)
62 (156)
106 (148)
121 (155)
122 (122)
127 (104)
129 (105)
133 (172)
134 (203)
156 (108)
168 (249)
170 (243)
171 (216)
193 (108)
217 (146)
245 (112)
403 (128)
454 (112)
1 54 (101)
6 54 (110)
1 127 (102)
6 127 (111)
1 129 (105)
6 129 (108)
1 156 (108)
6 156 (114)
1 193 (108)
6 193 (108)
1 245 (111)
6 245 (113)
1 454 (112)
6 454 (117)
1 122 (121)
6 122 (131)
1 403 (128)
6 403 (129)
1 20 (128)
6 20 (137)
1 217 (146)
6 217 (147)
1 106 (148)
6 106 (156)
1 12 (151)
6 12 (155)
1 121 (154)
6 121 (168)
1 62 (155)
6 62 (164)
1 16 (168)
6 16 (170)
1 57 (168)
6 57 (169)
1 133 (172)
6 133 (179)
1 31 (177)
6 31 (189)
1 44 (182)
6 44 (197)
1 33 (187)
6 33 (193)
1 134 (200)
6 134 (207)
1 171 (216)
6 171 (221)
1 170 (242)
6 170 (255)
1 168 (247)
6 168 (263)
23 27 (109)
1 23 (283)
6 23 (303)
27 35 (120)
1 27 (446)
6 27 (457)
1 35 (491)
6 35 (491)
1 6 (2370)
6 (104)
1 6 156 (103)
1 6 193 (106)
1 6 245 (110)
1 6 454 (101)
1 6 122 (115)
1 6 403 (115)
1 6 20 (114)
1 6 217 (143)
1 6 106 (138)
1 6 12 (138)
1 6 121 (148)
1 6 62 (138)
1 6 16 (168)
1 6 57 (166)
1 6 133 (168)
1 6 31 (160)
1 6 44 (172)
1 6 33 (186)
1 6 134 (179)
1 6 171 (211)
1 6 170 (224)
1 6 168 (221)
1 6 23 (256)
1 27 35 (102)
6 27 35 (101)
1 6 27 (381)
1 6 35 (481)
1 6 27 35 (101)
